<?xml version="1.0" encoding="UTF-8"?>
<testng-results ignored="0" total="11" passed="10" failed="1" skipped="0">
  <reporter-output>
  </reporter-output>
  <suite started-at="2023-09-06T12:10:07 IST" name="Default suite" finished-at="2023-09-06T12:15:46 IST" duration-ms="339164">
    <groups>
      <group name="Purchase">
        <method signature="Testcase1.noColorSelection()[pri:6, instance:TestCase.Testcase1@34e9fd99]" name="noColorSelection" class="TestCase.Testcase1"/>
        <method signature="Testcase1.addMultipleColor()[pri:7, instance:TestCase.Testcase1@34e9fd99]" name="addMultipleColor" class="TestCase.Testcase1"/>
        <method signature="Testcase1.addMultipleProduct()[pri:8, instance:TestCase.Testcase1@34e9fd99]" name="addMultipleProduct" class="TestCase.Testcase1"/>
        <method signature="Testcase1.productQuantity()[pri:9, instance:TestCase.Testcase1@34e9fd99]" name="productQuantity" class="TestCase.Testcase1"/>
        <method signature="Testcase1.checkout()[pri:10, instance:TestCase.Testcase1@34e9fd99]" name="checkout" class="TestCase.Testcase1"/>
      </group> <!-- Purchase -->
      <group name="Search">
        <method signature="Testcase1.filterByPrice()[pri:0, instance:TestCase.Testcase1@34e9fd99]" name="filterByPrice" class="TestCase.Testcase1"/>
        <method signature="Testcase1.filterByColor()[pri:1, instance:TestCase.Testcase1@34e9fd99]" name="filterByColor" class="TestCase.Testcase1"/>
        <method signature="Testcase1.sortByPrice()[pri:2, instance:TestCase.Testcase1@34e9fd99]" name="sortByPrice" class="TestCase.Testcase1"/>
        <method signature="Testcase1.searchByDropdown()[pri:3, instance:TestCase.Testcase1@34e9fd99]" name="searchByDropdown" class="TestCase.Testcase1"/>
        <method signature="Testcase1.searchByName()[pri:4, instance:TestCase.Testcase1@34e9fd99]" name="searchByName" class="TestCase.Testcase1"/>
        <method signature="Testcase1.blankSearchBox()[pri:5, instance:TestCase.Testcase1@34e9fd99]" name="blankSearchBox" class="TestCase.Testcase1"/>
      </group> <!-- Search -->
    </groups>
    <test started-at="2023-09-06T12:10:07 IST" name="Default test" finished-at="2023-09-06T12:15:46 IST" duration-ms="339164">
      <class name="TestCase.Testcase1">
        <test-method is-config="true" signature="BeforeMethod()[pri:0, instance:TestCase.Testcase1@34e9fd99]" started-at="2023-09-06T12:10:07 IST" name="BeforeMethod" finished-at="2023-09-06T12:11:17 IST" duration-ms="70003" status="PASS">
          <reporter-output>
          </reporter-output>
        </test-method> <!-- BeforeMethod -->
        <test-method signature="filterByPrice()[pri:0, instance:TestCase.Testcase1@34e9fd99]" started-at="2023-09-06T12:11:18 IST" name="filterByPrice" description="Filter products by a range of prices" finished-at="2023-09-06T12:11:39 IST" duration-ms="21179" status="PASS">
          <reporter-output>
          </reporter-output>
        </test-method> <!-- filterByPrice -->
        <test-method signature="filterByColor()[pri:1, instance:TestCase.Testcase1@34e9fd99]" started-at="2023-09-06T12:11:40 IST" name="filterByColor" description="Filter products by Color" finished-at="2023-09-06T12:11:53 IST" duration-ms="13433" status="PASS">
          <reporter-output>
          </reporter-output>
        </test-method> <!-- filterByColor -->
        <test-method signature="sortByPrice()[pri:2, instance:TestCase.Testcase1@34e9fd99]" started-at="2023-09-06T12:11:53 IST" name="sortByPrice" description="Sorting products by price: low to high" finished-at="2023-09-06T12:12:15 IST" duration-ms="22132" status="PASS">
          <reporter-output>
          </reporter-output>
        </test-method> <!-- sortByPrice -->
        <test-method signature="searchByDropdown()[pri:3, instance:TestCase.Testcase1@34e9fd99]" started-at="2023-09-06T12:12:15 IST" name="searchByDropdown" description="Search by drop-down" finished-at="2023-09-06T12:12:29 IST" duration-ms="13808" status="PASS">
          <reporter-output>
          </reporter-output>
        </test-method> <!-- searchByDropdown -->
        <test-method signature="searchByName()[pri:4, instance:TestCase.Testcase1@34e9fd99]" started-at="2023-09-06T12:12:29 IST" name="searchByName" description="Search by product name" finished-at="2023-09-06T12:12:40 IST" duration-ms="11007" status="PASS">
          <reporter-output>
          </reporter-output>
        </test-method> <!-- searchByName -->
        <test-method signature="blankSearchBox()[pri:5, instance:TestCase.Testcase1@34e9fd99]" started-at="2023-09-06T12:12:40 IST" name="blankSearchBox" description="Blank search" finished-at="2023-09-06T12:12:46 IST" duration-ms="6090" status="PASS">
          <reporter-output>
          </reporter-output>
        </test-method> <!-- blankSearchBox -->
        <test-method signature="noColorSelection()[pri:6, instance:TestCase.Testcase1@34e9fd99]" started-at="2023-09-06T12:12:46 IST" name="noColorSelection" description="Try adding product without choosing color" finished-at="2023-09-06T12:13:15 IST" duration-ms="29236" status="FAIL">
          <exception class="org.openqa.selenium.UnhandledAlertException">
            <message>
              <![CDATA[unexpected alert open: {Alert text : Please select some product options before adding this product to your cart.}
  (Session info: chrome=116.0.5845.142): Please select some product options before adding this product to your cart.
Build info: version: '4.4.0', revision: 'e5c75ed026a'
System info: host: 'DESKTOP-CT7IAST', ip: '192.168.56.1', os.name: 'Windows 10', os.arch: 'amd64', os.version: '10.0', java.version: '16.0.2'
Driver info: org.openqa.selenium.chrome.ChromeDriver
Command: [40bac1818569b12920890e4afc90caf0, findElement {using=xpath, value=//div[@class='woocommerce-notices-wrapper']}]
Capabilities {acceptInsecureCerts: false, browserName: chrome, browserVersion: 116.0.5845.142, chrome: {chromedriverVersion: 116.0.5845.96 (1a3918166880..., userDataDir: C:\Users\katore\AppData\Loc...}, fedcm:accounts: true, goog:chromeOptions: {debuggerAddress: localhost:56575}, networkConnectionEnabled: false, pageLoadStrategy: normal, platformName: WINDOWS, proxy: Proxy(), se:cdp: ws://localhost:56575/devtoo..., se:cdpVersion: 116.0.5845.142, setWindowRect: true, strictFileInteractability: false, timeouts: {implicit: 0, pageLoad: 300000, script: 30000}, unhandledPromptBehavior: dismiss and notify, webauthn:extension:credBlob: true, webauthn:extension:largeBlob: true, webauthn:extension:minPinLength: true, webauthn:extension:prf: true, webauthn:virtualAuthenticators: true}
Session ID: 40bac1818569b12920890e4afc90caf0]]>
            </message>
            <full-stacktrace>
              <![CDATA[org.openqa.selenium.UnhandledAlertException: unexpected alert open: {Alert text : Please select some product options before adding this product to your cart.}
  (Session info: chrome=116.0.5845.142): Please select some product options before adding this product to your cart.
Build info: version: '4.4.0', revision: 'e5c75ed026a'
System info: host: 'DESKTOP-CT7IAST', ip: '192.168.56.1', os.name: 'Windows 10', os.arch: 'amd64', os.version: '10.0', java.version: '16.0.2'
Driver info: org.openqa.selenium.chrome.ChromeDriver
Command: [40bac1818569b12920890e4afc90caf0, findElement {using=xpath, value=//div[@class='woocommerce-notices-wrapper']}]
Capabilities {acceptInsecureCerts: false, browserName: chrome, browserVersion: 116.0.5845.142, chrome: {chromedriverVersion: 116.0.5845.96 (1a3918166880..., userDataDir: C:\Users\katore\AppData\Loc...}, fedcm:accounts: true, goog:chromeOptions: {debuggerAddress: localhost:56575}, networkConnectionEnabled: false, pageLoadStrategy: normal, platformName: WINDOWS, proxy: Proxy(), se:cdp: ws://localhost:56575/devtoo..., se:cdpVersion: 116.0.5845.142, setWindowRect: true, strictFileInteractability: false, timeouts: {implicit: 0, pageLoad: 300000, script: 30000}, unhandledPromptBehavior: dismiss and notify, webauthn:extension:credBlob: true, webauthn:extension:largeBlob: true, webauthn:extension:minPinLength: true, webauthn:extension:prf: true, webauthn:virtualAuthenticators: true}
Session ID: 40bac1818569b12920890e4afc90caf0
at org.openqa.selenium.remote.codec.w3c.W3CHttpResponseCodec.decode(W3CHttpResponseCodec.java:131)
at org.openqa.selenium.remote.codec.w3c.W3CHttpResponseCodec.decode(W3CHttpResponseCodec.java:53)
at org.openqa.selenium.remote.HttpCommandExecutor.execute(HttpCommandExecutor.java:184)
at org.openqa.selenium.remote.service.DriverCommandExecutor.invokeExecute(DriverCommandExecutor.java:167)
at org.openqa.selenium.remote.service.DriverCommandExecutor.execute(DriverCommandExecutor.java:142)
at org.openqa.selenium.remote.RemoteWebDriver.execute(RemoteWebDriver.java:547)
at org.openqa.selenium.remote.ElementLocation$ElementFinder$2.findElement(ElementLocation.java:162)
at org.openqa.selenium.remote.ElementLocation.findElement(ElementLocation.java:60)
at org.openqa.selenium.remote.RemoteWebDriver.findElement(RemoteWebDriver.java:365)
at org.openqa.selenium.remote.RemoteWebDriver.findElement(RemoteWebDriver.java:357)
at org.openqa.selenium.support.pagefactory.DefaultElementLocator.findElement(DefaultElementLocator.java:70)
at org.openqa.selenium.support.pagefactory.internal.LocatingElementHandler.invoke(LocatingElementHandler.java:39)
at jdk.proxy2/jdk.proxy2.$Proxy11.getText(Unknown Source)
at Pages.SalePage.noColorSelection(SalePage.java:43)
at TestCase.Testcase1.noColorSelection(Testcase1.java:71)
at java.base/jdk.internal.reflect.NativeMethodAccessorImpl.invoke0(Native Method)
at java.base/jdk.internal.reflect.NativeMethodAccessorImpl.invoke(NativeMethodAccessorImpl.java:78)
at java.base/jdk.internal.reflect.DelegatingMethodAccessorImpl.invoke(DelegatingMethodAccessorImpl.java:43)
at java.base/java.lang.reflect.Method.invoke(Method.java:567)
at org.testng.internal.invokers.MethodInvocationHelper.invokeMethod(MethodInvocationHelper.java:139)
at org.testng.internal.invokers.TestInvoker.invokeMethod(TestInvoker.java:677)
at org.testng.internal.invokers.TestInvoker.invokeTestMethod(TestInvoker.java:221)
at org.testng.internal.invokers.MethodRunner.runInSequence(MethodRunner.java:50)
at org.testng.internal.invokers.TestInvoker$MethodInvocationAgent.invoke(TestInvoker.java:969)
at org.testng.internal.invokers.TestInvoker.invokeTestMethods(TestInvoker.java:194)
at org.testng.internal.invokers.TestMethodWorker.invokeTestMethods(TestMethodWorker.java:148)
at org.testng.internal.invokers.TestMethodWorker.run(TestMethodWorker.java:128)
at java.base/java.util.ArrayList.forEach(ArrayList.java:1511)
at org.testng.TestRunner.privateRun(TestRunner.java:829)
at org.testng.TestRunner.run(TestRunner.java:602)
at org.testng.SuiteRunner.runTest(SuiteRunner.java:437)
at org.testng.SuiteRunner.runSequentially(SuiteRunner.java:431)
at org.testng.SuiteRunner.privateRun(SuiteRunner.java:391)
at org.testng.SuiteRunner.run(SuiteRunner.java:330)
at org.testng.SuiteRunnerWorker.runSuite(SuiteRunnerWorker.java:52)
at org.testng.SuiteRunnerWorker.run(SuiteRunnerWorker.java:95)
at org.testng.TestNG.runSuitesSequentially(TestNG.java:1256)
at org.testng.TestNG.runSuitesLocally(TestNG.java:1176)
at org.testng.TestNG.runSuites(TestNG.java:1099)
at org.testng.TestNG.run(TestNG.java:1067)
at org.testng.remote.AbstractRemoteTestNG.run(AbstractRemoteTestNG.java:115)
at org.testng.remote.RemoteTestNG.initAndRun(RemoteTestNG.java:251)
at org.testng.remote.RemoteTestNG.main(RemoteTestNG.java:77)
]]>
            </full-stacktrace>
          </exception> <!-- org.openqa.selenium.UnhandledAlertException -->
          <reporter-output>
          </reporter-output>
        </test-method> <!-- noColorSelection -->
        <test-method signature="addMultipleColor()[pri:7, instance:TestCase.Testcase1@34e9fd99]" started-at="2023-09-06T12:13:18 IST" name="addMultipleColor" description="Add color from the drop-down" finished-at="2023-09-06T12:14:01 IST" duration-ms="43069" status="PASS">
          <reporter-output>
          </reporter-output>
        </test-method> <!-- addMultipleColor -->
        <test-method signature="addMultipleProduct()[pri:8, instance:TestCase.Testcase1@34e9fd99]" started-at="2023-09-06T12:14:01 IST" name="addMultipleProduct" description="Add multiple product to card" finished-at="2023-09-06T12:14:26 IST" duration-ms="24789" status="PASS">
          <reporter-output>
          </reporter-output>
        </test-method> <!-- addMultipleProduct -->
        <test-method signature="productQuantity()[pri:9, instance:TestCase.Testcase1@34e9fd99]" started-at="2023-09-06T12:14:26 IST" name="productQuantity" description="Try adding less than one product" finished-at="2023-09-06T12:14:51 IST" duration-ms="25103" status="PASS">
          <reporter-output>
          </reporter-output>
        </test-method> <!-- productQuantity -->
        <test-method signature="checkout()[pri:10, instance:TestCase.Testcase1@34e9fd99]" started-at="2023-09-06T12:14:51 IST" name="checkout" description="The process of placing orders" finished-at="2023-09-06T12:15:46 IST" duration-ms="54475" status="PASS">
          <reporter-output>
          </reporter-output>
        </test-method> <!-- checkout -->
      </class> <!-- TestCase.Testcase1 -->
    </test> <!-- Default test -->
  </suite> <!-- Default suite -->
</testng-results>
